<?xml version="1.0" encoding="UTF-8"?>
<!-- Generated by org.testng.reporters.JUnitReportReporter -->
<testsuite hostname="LP-5CD9156FN6" name="Example.Login" tests="1" failures="0" timestamp="24 Jan 2022 15:19:50 GMT" time="47.732" errors="0">
  <testcase name="login" time="47.732" classname="Example.Login"/>
</testsuite> <!-- Example.Login -->
